<?xml version="1.0" encoding="UTF-8" ?>
<testsuite tests="33" failures="0" name="com.mycompany.unicafe.KassapaateTest" time="0.016" errors="0" skipped="0">
  <properties>
    <property name="java.runtime.name" value="Java(TM) SE Runtime Environment"/>
    <property name="java.vm.version" value="9.0.4+11"/>
    <property name="sun.boot.library.path" value="C:\Progra~1\Java\jdk-9.0.4\bin"/>
    <property name="maven.multiModuleProjectDirectory" value="C:/Users/Henri/otm-harkkatyo/laskarit/viikko2/Unicafe"/>
    <property name="java.vm.vendor" value="Oracle Corporation"/>
    <property name="java.vendor.url" value="http://java.oracle.com/"/>
    <property name="guice.disable.misplaced.annotation.check" value="true"/>
    <property name="path.separator" value=";"/>
    <property name="java.vm.name" value="Java HotSpot(TM) 64-Bit Server VM"/>
    <property name="file.encoding.pkg" value="sun.io"/>
    <property name="sun.os.patch.level" value=""/>
    <property name="user.script" value=""/>
    <property name="user.country" value="FI"/>
    <property name="sun.java.launcher" value="SUN_STANDARD"/>
    <property name="java.vm.specification.name" value="Java Virtual Machine Specification"/>
    <property name="user.dir" value="C:\Users\Henri\otm-harkkatyo\laskarit\viikko2\Unicafe"/>
    <property name="java.vm.compressedOopsMode" value="32-bit"/>
    <property name="java.runtime.version" value="9.0.4+11"/>
    <property name="java.awt.graphicsenv" value="sun.awt.Win32GraphicsEnvironment"/>
    <property name="os.arch" value="amd64"/>
    <property name="java.io.tmpdir" value="C:\Users\Henri\AppData\Local\Temp\"/>
    <property name="line.separator" value="
"/>
    <property name="java.vm.specification.vendor" value="Oracle Corporation"/>
    <property name="user.variant" value=""/>
    <property name="os.name" value="Windows 8.1"/>
    <property name="classworlds.conf" value="C:/Users/Henri/apache-maven-3.5.3/bin/m2.conf"/>
    <property name="sun.jnu.encoding" value="Cp1252"/>
    <property name="java.library.path" value="C:\Progra~1\Java\jdk-9.0.4\bin;C:\windows\Sun\Java\bin;C:\windows\system32;C:\windows;C:\Users\Henri\bin;C:\Program Files\Git\mingw64\bin;C:\Program Files\Git\usr\local\bin;C:\Program Files\Git\usr\bin;C:\Program Files\Git\usr\bin;C:\Program Files\Git\mingw64\bin;C:\Program Files\Git\usr\bin;C:\Users\Henri\bin;C:\windows;C:\windows\system32;C:\windows\system32\Wbem;C:\ProgramData\Oracle\Java\javapath;C:\Program Files\Broadcom\Broadcom 802.11;C:\Program Files (x86)\Intel\iCLS Client;C:\Program Files\Intel\iCLS Client;C:\windows\system32;C:\windows;C:\windows\System32\Wbem;C:\windows\System32\WindowsPowerShell\v1.0;C:\Program Files\Intel\Intel(R) Management Engine Components\DAL;C:\Program Files\Intel\Intel(R) Management Engine Components\IPT;C:\Program Files (x86)\Intel\Intel(R) Management Engine Components\DAL;C:\Program Files (x86)\Intel\Intel(R) Management Engine Components\IPT;C:\adb;C:\Users\Henri\Android\platform-tools;C:\Android;C:\Windows\System32;C:\Program Files (x86)\Skype\Phone;C:\Program Files\MATLAB\R2017b\bin;C:\Program Files\PuTTY;C:\Program Files\Git\cmd;C:\Users\Henri\apache-maven-3.5.3\bin;C:\Program Files\Git\usr\bin\vendor_perl;C:\Program Files\Git\usr\bin\core_perl;."/>
    <property name="maven.conf" value="C:/Users/Henri/apache-maven-3.5.3/conf"/>
    <property name="jdk.debug" value="release"/>
    <property name="java.class.version" value="53.0"/>
    <property name="java.specification.name" value="Java Platform API Specification"/>
    <property name="sun.management.compiler" value="HotSpot 64-Bit Tiered Compilers"/>
    <property name="os.version" value="6.3"/>
    <property name="library.jansi.path" value="C:/Users/Henri/apache-maven-3.5.3/lib/jansi-native"/>
    <property name="user.home" value="C:\Users\Henri"/>
    <property name="user.timezone" value="Europe/Helsinki"/>
    <property name="java.awt.printerjob" value="sun.awt.windows.WPrinterJob"/>
    <property name="file.encoding" value="Cp1252"/>
    <property name="java.specification.version" value="9"/>
    <property name="user.name" value="Henri"/>
    <property name="java.class.path" value="C:/Users/Henri/apache-maven-3.5.3/boot/plexus-classworlds-2.5.2.jar"/>
    <property name="java.vm.specification.version" value="9"/>
    <property name="sun.arch.data.model" value="64"/>
    <property name="sun.java.command" value="org.codehaus.plexus.classworlds.launcher.Launcher test jacoco:report"/>
    <property name="java.home" value="C:\Progra~1\Java\jdk-9.0.4"/>
    <property name="user.language" value="fi"/>
    <property name="java.specification.vendor" value="Oracle Corporation"/>
    <property name="awt.toolkit" value="sun.awt.windows.WToolkit"/>
    <property name="java.vm.info" value="mixed mode"/>
    <property name="java.version" value="9.0.4"/>
    <property name="java.vendor" value="Oracle Corporation"/>
    <property name="maven.home" value="C:\Users\Henri\apache-maven-3.5.3"/>
    <property name="file.separator" value="\"/>
    <property name="java.vendor.url.bug" value="http://bugreport.java.com/bugreport/"/>
    <property name="sun.io.unicode.encoding" value="UnicodeLittle"/>
    <property name="sun.cpu.endian" value="little"/>
    <property name="sun.desktop" value="windows"/>
    <property name="sun.cpu.isalist" value="amd64"/>
  </properties>
  <testcase classname="com.mycompany.unicafe.KassapaateTest" name="KateinenMaksuRiittavaEdullinenVaihtoraha" time="0"/>
  <testcase classname="com.mycompany.unicafe.KassapaateTest" name="KorttiMaksuRiittavaEdullinenLounasLkm" time="0"/>
  <testcase classname="com.mycompany.unicafe.KassapaateTest" name="KateinenMaksuEiRiittavaMaukasRahamaara" time="0"/>
  <testcase classname="com.mycompany.unicafe.KassapaateTest" name="KateinenMaksuEiRiittavaEdullinenLkm" time="0"/>
  <testcase classname="com.mycompany.unicafe.KassapaateTest" name="KorttiMaksuEiRiittavaMaukasLounasLkm" time="0"/>
  <testcase classname="com.mycompany.unicafe.KassapaateTest" name="KateinenMaksuRiittavaEdullinenLkm" time="0"/>
  <testcase classname="com.mycompany.unicafe.KassapaateTest" name="KorttiMaksuRiittavaEdullinenBoolean" time="0"/>
  <testcase classname="com.mycompany.unicafe.KassapaateTest" name="KateinenMaksuEiRiittavaMaukasLkm" time="0"/>
  <testcase classname="com.mycompany.unicafe.KassapaateTest" name="KorttiMaksuRiittavaMaukasLounasLkm" time="0"/>
  <testcase classname="com.mycompany.unicafe.KassapaateTest" name="KorttiMaksuEiRiittavaEdullinenLounasLkm" time="0"/>
  <testcase classname="com.mycompany.unicafe.KassapaateTest" name="myydytMaukkaatOikein" time="0"/>
  <testcase classname="com.mycompany.unicafe.KassapaateTest" name="KateinenMaksuEiRiittavaMaukasVaihtoraha" time="0"/>
  <testcase classname="com.mycompany.unicafe.KassapaateTest" name="KorttiMaksuEdullinenKassanRahamaara" time="0"/>
  <testcase classname="com.mycompany.unicafe.KassapaateTest" name="KorttiMaksuMaukasKassanRahamaara" time="0"/>
  <testcase classname="com.mycompany.unicafe.KassapaateTest" name="KorttiMaksuEiRiittavaMaukas" time="0"/>
  <testcase classname="com.mycompany.unicafe.KassapaateTest" name="KateinenMaksuRiittavaMaukasVaihtoraha" time="0"/>
  <testcase classname="com.mycompany.unicafe.KassapaateTest" name="KorttiMaksuRiittavaMaukasBoolean" time="0"/>
  <testcase classname="com.mycompany.unicafe.KassapaateTest" name="myydytEdullisetOikein" time="0"/>
  <testcase classname="com.mycompany.unicafe.KassapaateTest" name="KorttiMaksuEiRiittavaMaukasBoolean" time="0.016"/>
  <testcase classname="com.mycompany.unicafe.KassapaateTest" name="KorttiMaksuEiRiittavaEdullinenBoolean" time="0"/>
  <testcase classname="com.mycompany.unicafe.KassapaateTest" name="KateinenMaksuRiittavaMaukasRahamaara" time="0"/>
  <testcase classname="com.mycompany.unicafe.KassapaateTest" name="KateinenMaksuEiRiittavaEdullinenRahamaara" time="0"/>
  <testcase classname="com.mycompany.unicafe.KassapaateTest" name="KateinenMaksuRiittavaEdullinenRahamaara" time="0"/>
  <testcase classname="com.mycompany.unicafe.KassapaateTest" name="KorttiMaksuRiittavaEdullinen" time="0"/>
  <testcase classname="com.mycompany.unicafe.KassapaateTest" name="KorttiMaksuRiittavaMaukas" time="0"/>
  <testcase classname="com.mycompany.unicafe.KassapaateTest" name="KorttiMaksuEiRiittavaEdullinen" time="0"/>
  <testcase classname="com.mycompany.unicafe.KassapaateTest" name="KateinenMaksuRiittavaMaukasLkm" time="0"/>
  <testcase classname="com.mycompany.unicafe.KassapaateTest" name="KateinenMaksuEiRiittavaEdullinenVaihtoraha" time="0"/>
  <testcase classname="com.mycompany.unicafe.KassapaateTest" name="LataaRahaaKortilleKassanRahamaara" time="0"/>
  <testcase classname="com.mycompany.unicafe.KassapaateTest" name="rahamaaraOikein" time="0"/>
  <testcase classname="com.mycompany.unicafe.KassapaateTest" name="LataaRahaaKortilleNegatiivinenSummaKortti" time="0"/>
  <testcase classname="com.mycompany.unicafe.KassapaateTest" name="LataaRahaaKortilleKortinRahamaara" time="0"/>
  <testcase classname="com.mycompany.unicafe.KassapaateTest" name="LataaRahaaKortilleNegatiivinenSummaKassa" time="0"/>
</testsuite>